Build started 5/18/2014 3:10:12 PM.
     1>Project "E:\Git\progressive-meter-reader\PMR\Progressive Meter Reader\bin\Debug\opencvTest4\opencvTest4\opencvTest4.vcxproj" on node 2 (Build target(s)).
     1>ClCompile:
         E:\Utilities\VC\bin\CL.exe /c /IC:\opencv\build\include /ZI /nologo /W3 /WX- /sdl /Od /Oy- /D WIN32 /D _DEBUG /D _CONSOLE /D _UNICODE /D UNICODE /Gm /EHsc /RTC1 /MDd /GS /fp:precise /Zc:wchar_t /Zc:forScope /Fo"Debug\\" /Fd"Debug\vc120.pdb" /Gd /TP /analyze- /errorReport:prompt main.cpp
         main.cpp
     1>e:\git\progressive-meter-reader\pmr\progressive meter reader\bin\debug\opencvtest4\opencvtest4\main.cpp(26): fatal error C1083: Cannot open include file: 'opencv2/core/core.hpp': No such file or directory
     1>Done Building Project "E:\Git\progressive-meter-reader\PMR\Progressive Meter Reader\bin\Debug\opencvTest4\opencvTest4\opencvTest4.vcxproj" (Build target(s)) -- FAILED.

Build FAILED.

Time Elapsed 00:00:00.77
